<?xml version="1.0" encoding="UTF-8"?>
<!-- Generated by org.testng.reporters.JUnitReportReporter -->
<testsuite hostname="NCSIN07W81KT2C0" failures="0" tests="4" name="testcases.TC_RegisterUser" time="109.223" errors="0" timestamp="2024-05-08T16:12:23 IST" skipped="0">
  <testcase classname="testcases.TC_RegisterUser" name="verifyIfCanGoToSignupPage" time="30.560"/>
  <testcase classname="testcases.TC_RegisterUser" name="verifyValidationMessageForDuplicateEmail" time="26.621"/>
  <testcase classname="testcases.TC_RegisterUser" name="verifyNavigationToSignupPage" time="24.391"/>
  <testcase classname="testcases.TC_RegisterUser" name="verifyIfCanSignup" time="27.651"/>
</testsuite> <!-- testcases.TC_RegisterUser -->
