<?xml version="1.0" encoding="UTF-8"?>
<!-- Generated by org.testng.reporters.JUnitReportReporter -->
<testsuite hostname="Kirans-MacBook-Pro.local" failures="0" tests="4" name="testcases.TC_RegisterUser" time="49.681" errors="0" timestamp="2024-05-08T19:26:28 IST" skipped="1">
  <testcase classname="testcases.TC_RegisterUser" name="verifyValidationMessageForDuplicateEmail" time="17.312"/>
  <testcase classname="testcases.TC_RegisterUser" name="verifyIfCanGoToSignupPage" time="19.910"/>
  <testcase classname="testcases.TC_RegisterUser" name="verifyNavigationToSignupPage" time="12.459"/>
  <testcase classname="testcases.TC_RegisterUser" name="verifyIfCanSignup">
    <skipped/>
  </testcase> <!-- verifyIfCanSignup -->
</testsuite> <!-- testcases.TC_RegisterUser -->
